<?xml version="1.0" encoding="UTF-8"?>
<!-- Generated by org.testng.reporters.JUnitReportReporter -->
<testsuite skipped="0" hostname="IN-RamachaS-1" name="unav.cloudNative.azure.TS_Azure_05" tests="1" failures="0" timestamp="2020-02-19T12:25:05 IST" time="254.106" errors="0">
  <testcase name="test" time="254.106" classname="unav.cloudNative.azure.TS_Azure_05"/>
  <system-out/>
</testsuite> <!-- unav.cloudNative.azure.TS_Azure_05 -->
